1 open: check 0.326764315366745
1 check: check 0.9529522061347961
1 bet: fold 0.08649430423974991
1 check-bet: fold 0.5233197808265686
2 open: check 0.084186851978302
2 check: check 0.6700713634490967
2 bet: fold 0.9977854490280151
2 check-bet: fold 0.8898859620094299
3 open: check 0.5333784818649292
3 check: check 0.008483724668622017
3 bet: fold 0.9404279589653015
3 check-bet: fold 0.9615812301635742
4 open: check 0.16148030757904053
4 check: check 0.24789248406887054
4 bet: fold 0.2072051465511322
4 check-bet: fold 0.6699356436729431
5 open: check 0.9951758980751038
5 check: check 0.461354523897171
5 bet: fold 0.8555896878242493
5 check-bet: fold 0.6985275745391846
6 open: check 0.6454382538795471
6 check: check 0.835861086845398
6 bet: fold 0.4139113426208496
6 check-bet: fold 0.3446008861064911
7 open: check 0.9748197197914124
7 check: check 0.8316470384597778
7 bet: fold 0.8849063515663147
7 check-bet: fold 0.8628072738647461
8 open: check 0.20602717995643616
8 check: check 0.7303329706192017
8 bet: fold 0.7218923568725586
8 check-bet: fold 0.40623152256011963
9 open: check 0.7114371657371521
9 check: check 0.22725629806518555
9 bet: fold 0.021717669442296028
9 check-bet: fold 0.9507912397384644
10 open: check 0.8823103904724121
10 check: check 0.31938642263412476
10 bet: fold 0.6212804913520813
10 check-bet: fold 0.6686381697654724
11 open: check 0.9244787693023682
11 check: check 0.9694762229919434
11 bet: fold 0.6258640289306641
11 check-bet: fold 0.7019237279891968
12 open: check 0.4094924330711365
12 check: check 0.7560088634490967
12 bet: fold 0.7318982481956482
12 check-bet: fold 0.23410725593566895
13 open: check 0.6276852488517761
13 check: check 0.26138463616371155
13 bet: fold 0.7262183427810669
13 check-bet: fold 0.8140352964401245
14 open: check 0.41681450605392456
14 check: check 0.8150064945220947
14 bet: fold 0.3526993691921234
14 check-bet: fold 0.40543538331985474
15 open: check 0.4310341477394104
15 check: check 0.1620989739894867
15 bet: fold 0.016803668811917305
15 check-bet: fold 0.004504538606852293
16 open: check 0.29964175820350647
16 check: check 0.9065764546394348
16 bet: fold 0.5733742117881775
16 check-bet: fold 0.5834757089614868
17 open: check 0.8784557580947876
17 check: check 0.028532464057207108
17 bet: fold 0.7478961944580078
17 check-bet: fold 0.9938117861747742
18 open: check 0.7508766651153564
18 check: check 0.7266722917556763
18 bet: fold 0.4423179626464844
18 check-bet: fold 0.9250125288963318
19 open: check 0.8167915940284729
19 check: check 0.49612879753112793
19 bet: fold 0.7069733738899231
19 check-bet: fold 0.503365159034729
20 open: check 0.5001019835472107
20 check: check 0.08450514078140259
20 bet: fold 0.2596926689147949
20 check-bet: fold 0.8996620178222656
21 open: check 0.8187573552131653
21 check: check 0.3287005126476288
21 bet: fold 0.6390020847320557
21 check-bet: fold 0.8386433124542236
22 open: check 0.29383131861686707
22 check: check 0.18721400201320648
22 bet: fold 0.1600990891456604
22 check-bet: fold 0.5585220456123352
23 open: check 0.2722627520561218
23 check: check 0.3338378071784973
23 bet: fold 0.8336405158042908
23 check-bet: fold 0.3254825174808502
24 open: check 0.8791627883911133
24 check: check 0.6974910497665405
24 bet: fold 0.2269640415906906
24 check-bet: fold 0.8780686259269714
25 open: check 0.604313313961029
25 check: check 0.3307470977306366
25 bet: fold 0.08073659241199493
25 check-bet: fold 0.8612508773803711
26 open: check 0.33768028020858765
26 check: check 0.7219158411026001
26 bet: fold 0.4258527457714081
26 check-bet: fold 0.9991587400436401
27 open: check 0.4472413957118988
27 check: check 0.2642242908477783
27 bet: fold 0.9293116927146912
27 check-bet: fold 0.2497144490480423
28 open: check 0.3828440010547638
28 check: check 0.25960245728492737
28 bet: fold 0.15678828954696655
28 check-bet: fold 0.8936572670936584
29 open: check 0.3809605538845062
29 check: check 0.448891282081604
29 bet: fold 0.8867303729057312
29 check-bet: fold 0.45293962955474854
30 open: check 0.9503241181373596
30 check: check 0.9608711004257202
30 bet: fold 0.3669939637184143
30 check-bet: fold 0.7549574375152588
31 open: check 0.06315472722053528
31 check: check 0.8495891094207764
31 bet: fold 0.9746675491333008
31 check-bet: fold 0.09034394472837448
